<?xml version="1.0" encoding="UTF-8" ?>
<testsuite tests="6" failures="0" name="MainTest" time="0.001" errors="0" skipped="0">
  <properties>
    <property name="java.runtime.name" value="OpenJDK Runtime Environment"/>
    <property name="java.vm.version" value="14.0.1+7"/>
    <property name="sun.boot.library.path" value="C:\Users\wjago\.jdks\openjdk-14.0.1\bin"/>
    <property name="maven.multiModuleProjectDirectory" value="I:\PROJEKTY\jjx_2020z\JJX-2020z\projekt_1"/>
    <property name="java.vm.vendor" value="Oracle Corporation"/>
    <property name="java.vendor.url" value="https://java.oracle.com/"/>
    <property name="guice.disable.misplaced.annotation.check" value="true"/>
    <property name="path.separator" value=";"/>
    <property name="java.vm.name" value="OpenJDK 64-Bit Server VM"/>
    <property name="sun.os.patch.level" value=""/>
    <property name="user.script" value=""/>
    <property name="user.country" value="PL"/>
    <property name="sun.java.launcher" value="SUN_STANDARD"/>
    <property name="java.vm.specification.name" value="Java Virtual Machine Specification"/>
    <property name="user.dir" value="I:\PROJEKTY\jjx_2020z\JJX-2020z\projekt_1"/>
    <property name="java.vm.compressedOopsMode" value="Zero based"/>
    <property name="java.runtime.version" value="14.0.1+7"/>
    <property name="os.arch" value="amd64"/>
    <property name="java.io.tmpdir" value="C:\Users\wjago\AppData\Local\Temp\"/>
    <property name="line.separator" value="
"/>
    <property name="java.vm.specification.vendor" value="Oracle Corporation"/>
    <property name="user.variant" value=""/>
    <property name="os.name" value="Windows 10"/>
    <property name="maven.ext.class.path" value="P:\Program Files\JetBrains\IntelliJ IDEA Community Edition 2020.1.2\plugins\maven\lib\maven-event-listener.jar"/>
    <property name="classworlds.conf" value="P:\Program Files\JetBrains\IntelliJ IDEA Community Edition 2020.1.2\plugins\maven\lib\maven3\bin\m2.conf"/>
    <property name="sun.jnu.encoding" value="Cp1250"/>
    <property name="java.library.path" value="C:\Users\wjago\.jdks\openjdk-14.0.1\bin;C:\WINDOWS\Sun\Java\bin;C:\WINDOWS\system32;C:\WINDOWS;C:\Program Files\Haskell\bin;p:\Program Files\Haskell Platform\8.6.5\lib\extralibs\bin;p:\Program Files\Haskell Platform\8.6.5\bin;C:\Program Files (x86)\Common Files\Oracle\Java\javapath;C:\Windows\system32;C:\Windows;C:\Windows\System32\Wbem;C:\Windows\System32\WindowsPowerShell\v1.0\;C:\Windows\System32\OpenSSH\;C:\Program Files\NVIDIA Corporation\NVIDIA NvDLISR;C:\Program Files (x86)\NVIDIA Corporation\PhysX\Common;P:\Program Files\nodejs\;p:\Program Files\Microsoft VS Code\bin;C:\ProgramData\chocolatey\bin;C:\WINDOWS\system32;C:\WINDOWS;C:\WINDOWS\System32\Wbem;C:\WINDOWS\System32\WindowsPowerShell\v1.0\;C:\WINDOWS\System32\OpenSSH\;p:\Program Files\Haskell Platform\8.6.5\mingw\bin;C:\Program Files\Git\cmd;p:\Program Files (x86)\WinSCP\;C:\Users\wjago\AppData\Roaming\cabal\bin;C:\Users\wjago\AppData\Roaming\local\bin;C:\Users\wjago\AppData\Local\Programs\Python\Python37\Scripts\;C:\Users\wjago\AppData\Local\Programs\Python\Python37\;C:\Users\wjago\AppData\Local\Microsoft\WindowsApps;C:\Users\wjago\AppData\Local\atom\bin;C:\Users\wjago\AppData\Local\GitHubDesktop\bin;C:\Users\wjago\AppData\Roaming\npm;C:\Program Files\heroku\bin;C:\Users\wjago\AppData\Local\Microsoft\WindowsApps;p:\Program Files\JetBrains\IntelliJ IDEA Community Edition 2020.1.2\bin;;."/>
    <property name="maven.conf" value="P:\Program Files\JetBrains\IntelliJ IDEA Community Edition 2020.1.2\plugins\maven\lib\maven3/conf"/>
    <property name="jdk.debug" value="release"/>
    <property name="java.class.version" value="58.0"/>
    <property name="java.specification.name" value="Java Platform API Specification"/>
    <property name="sun.management.compiler" value="HotSpot 64-Bit Tiered Compilers"/>
    <property name="os.version" value="10.0"/>
    <property name="user.home" value="C:\Users\wjago"/>
    <property name="user.timezone" value="Europe/Warsaw"/>
    <property name="file.encoding" value="UTF-8"/>
    <property name="java.specification.version" value="14"/>
    <property name="user.name" value="Avrai"/>
    <property name="java.class.path" value="P:\Program Files\JetBrains\IntelliJ IDEA Community Edition 2020.1.2\plugins\maven\lib\maven3\boot\plexus-classworlds-2.6.0.jar;P:\Program Files\JetBrains\IntelliJ IDEA Community Edition 2020.1.2\plugins\maven\lib\maven3\boot\plexus-classworlds.license"/>
    <property name="java.vm.specification.version" value="14"/>
    <property name="sun.arch.data.model" value="64"/>
    <property name="sun.java.command" value="org.codehaus.classworlds.Launcher -Didea.version2020.1.2 install"/>
    <property name="java.home" value="C:\Users\wjago\.jdks\openjdk-14.0.1"/>
    <property name="user.language" value="pl"/>
    <property name="java.specification.vendor" value="Oracle Corporation"/>
    <property name="idea.version2020.1.2" value="true"/>
    <property name="java.vm.info" value="mixed mode, sharing"/>
    <property name="java.version" value="14.0.1"/>
    <property name="java.vendor" value="Oracle Corporation"/>
    <property name="maven.home" value="P:\Program Files\JetBrains\IntelliJ IDEA Community Edition 2020.1.2\plugins\maven\lib\maven3"/>
    <property name="file.separator" value="\"/>
    <property name="java.version.date" value="2020-04-14"/>
    <property name="java.vendor.url.bug" value="https://bugreport.java.com/bugreport/"/>
    <property name="sun.io.unicode.encoding" value="UnicodeLittle"/>
    <property name="sun.cpu.endian" value="little"/>
    <property name="sun.cpu.isalist" value="amd64"/>
  </properties>
  <testcase classname="MainTest" name="tooShortPIN" time="0.001"/>
  <testcase classname="MainTest" name="emptyData" time="0"/>
  <testcase classname="MainTest" name="onlyNumbers" time="0"/>
  <testcase classname="MainTest" name="correctPIN" time="0"/>
  <testcase classname="MainTest" name="incorrectPIN" time="0"/>
  <testcase classname="MainTest" name="tooLongPIN" time="0"/>
</testsuite>